<?xml version="1.0" encoding="UTF-8" ?>
<testsuites>
 <testsuite name="WorkingWithPatterns_script" package="PatternsUsage.suite" timestamp="2025-03-06 12:50:34.479 +0530"
 tests="1"  failures="1" errors="1" time="6.534000">
  <properties>
   <property name="RunDate" value="2025-03-06 12:50:34.479 +0530"/>
   <property name="Status" value="Failure"/>
  </properties>
  <testcase name="WorkingWithPatterns.script" assertions="1" status="error"  time="6.518">
    <failure type="FAILURE" message="File Not Found: readtext Error - Could Not Open Image: \d -- Execution Time 0:00:06 WorkingWithPatterns.script" />
    <error type="Exception" message="Could Not Open Image: \d" />
  </testcase>
 </testsuite>
</testsuites>
