<?xml version="1.0" encoding="UTF-8" ?>
<testsuites>
 <testsuite name="Testcases/TC_01_script" package="Omega13Usage.suite" timestamp="2025-02-25 15:41:59.170 +0530"
 tests="1"  failures="1" errors="3" time="48.149000">
  <properties>
   <property name="RunDate" value="2025-02-25 15:41:59.170 +0530"/>
   <property name="Status" value="Failure"/>
  </properties>
  <testcase name="Testcases/TC_01.script" assertions="1" status="error"  time="48.135">
    <failure type="FAILURE" message="Image Not Found: click Error - No Text Found On Screen: &quot;(TEXT:&quot;For Students&quot;)&quot;. Text not found. -- Execution Time 0:00:48 Testcases/TC_01.script" />
    <error type="Throw" message="Image Not Found - click Error - No Text Found On Screen: &quot;(TEXT:&quot;For Students&quot;)&quot;. Text not found." />
  </testcase>
 </testsuite>
</testsuites>
