<?xml version="1.0" encoding="UTF-8" ?>
<testsuites>
 <testsuite name="Testcases/TC_01_script" package="Omega13Usage.suite" timestamp="2025-03-04 13:57:08.935 +0530"
 tests="1"  failures="1" errors="4" time="88.442000">
  <properties>
   <property name="RunDate" value="2025-03-04 13:57:08.935 +0530"/>
   <property name="Status" value="Failure"/>
  </properties>
  <testcase name="Testcases/TC_01.script" assertions="1" status="error"  time="88.427">
    <failure type="FAILURE" message="Image Not Found: click Error - No Text Found On Screen: &quot;(TEXT:&quot;Placement Preparation Course&quot;)&quot;. Text not found. -- Execution Time 0:01:28 Testcases/TC_01.script" />
    <error type="Throw" message="Image Not Found - click Error - No Text Found On Screen: &quot;(TEXT:&quot;Placement Preparation Course&quot;)&quot;. Text not found." />
  </testcase>
 </testsuite>
</testsuites>
