<?xml version="1.0" encoding="UTF-8" ?>
<testsuites>
 <testsuite name="WorkingWithPatterns_script" package="PatternsUsage.suite" timestamp="2025-03-06 13:00:05.005 +0530"
 tests="1"  failures="1" errors="1" time="6.447000">
  <properties>
   <property name="RunDate" value="2025-03-06 13:00:05.005 +0530"/>
   <property name="Status" value="Failure"/>
  </properties>
  <testcase name="WorkingWithPatterns.script" assertions="1" status="error"  time="6.43">
    <failure type="FAILURE" message="Error Running Script Command: readtext Error - Image Property List did not contain &quot;ImageName&quot; property -- Execution Time 0:00:06 WorkingWithPatterns.script" />
    <error type="Exception" message="Image Property List did not contain &quot;ImageName&quot; property" />
  </testcase>
 </testsuite>
</testsuites>
