<?xml version="1.0" encoding="UTF-8" ?>
<testsuites>
 <testsuite name="Untitled_feature" package="Gherkin.suite" timestamp="2025-03-03 16:09:20.700 +0530"
 tests="7"  failures="2" errors="1" time="50.262000">
  <properties>
   <property name="RunDate" value="2025-03-03 16:09:20.700 +0530"/>
   <property name="Status" value="Failure"/>
  </properties>
  <testcase name="The application launches on the chrome browser" assertions="1" status="(null)"  time="23.007">
  </testcase>
  <testcase name="Login option is avilable" assertions="1" status="(null)"  time="1.167">
  </testcase>
  <testcase name="click on the login option" assertions="0" status="(null)"  time="0.008">
  </testcase>
  <testcase name="Enter Email address" assertions="1" status="(null)"  time="21.001">
  </testcase>
  <testcase name="Enter password" assertions="1" status="(null)"  time="3.062">
  </testcase>
  <testcase name="click on Login button" assertions="1" status="(null)"  time="1.963">
  </testcase>
  <testcase name="Untitled.feature" assertions="6" status="error"  time="50.252">
    <failure type="LogError" message="Error at step: The application launches on the chrome browser" />
    <failure type="FAILURE" message="1 scenarios (1 failed, 0 passed) 6 steps (1 failed, 1 skipped, 4 passed) Execution Time 0:00:50" />
    <error type="Exception" message="Unable To Find Any Image On Screen &quot;(TEXT:&quot;Welcome to store&quot;)&quot; within 20.00 seconds. Text not found." />
  </testcase>
 </testsuite>
</testsuites>
